<component name="libraryTable">
  <library name="junit-4.11">
    <CLASSES>
      <root url="jar://D:/java_programming/junit-4.11.jar!/" />
    </CLASSES>
    <JAVADOC />
    <SOURCES />
  </library>
</component>